c:\users\tbish\source\repos\mexicantrain\mexicantrain\debug\vc142.pdb
c:\users\tbish\source\repos\mexicantrain\mexicantrain\debug\vc142.idb
c:\users\tbish\source\repos\mexicantrain\mexicantrain\debug\player.obj
c:\users\tbish\source\repos\mexicantrain\mexicantrain\debug\mexicantrain.obj
c:\users\tbish\source\repos\mexicantrain\mexicantrain\debug\tile.obj
c:\users\tbish\source\repos\mexicantrain\mexicantrain\debug\deck.obj
c:\users\tbish\source\repos\mexicantrain\mexicantrain\debug\round.obj
c:\users\tbish\source\repos\mexicantrain\mexicantrain\debug\game.obj
c:\users\tbish\source\repos\mexicantrain\mexicantrain\debug\user.obj
c:\users\tbish\source\repos\mexicantrain\mexicantrain\debug\computer.obj
c:\users\tbish\source\repos\mexicantrain\mexicantrain\debug\train.obj
c:\users\tbish\source\repos\mexicantrain\debug\mexicantrain.exe
c:\users\tbish\source\repos\mexicantrain\mexicantrain\debug\mexicantrain.ilk
c:\users\tbish\source\repos\mexicantrain\debug\mexicantrain.pdb
c:\users\tbish\source\repos\mexicantrain\mexicantrain\debug\mexicantrain.tlog\cl.command.1.tlog
c:\users\tbish\source\repos\mexicantrain\mexicantrain\debug\mexicantrain.tlog\cl.read.1.tlog
c:\users\tbish\source\repos\mexicantrain\mexicantrain\debug\mexicantrain.tlog\cl.write.1.tlog
c:\users\tbish\source\repos\mexicantrain\mexicantrain\debug\mexicantrain.tlog\link.command.1.tlog
c:\users\tbish\source\repos\mexicantrain\mexicantrain\debug\mexicantrain.tlog\link.read.1.tlog
c:\users\tbish\source\repos\mexicantrain\mexicantrain\debug\mexicantrain.tlog\link.write.1.tlog
